<?xml version="1.0" encoding="UTF-8"?>
<!-- Generated by org.testng.reporters.JUnitReportReporter -->
<testsuite hostname="Af-wMac" failures="0" tests="1" name="getSimpl.testScenarios.OTPVerificationSuccessScenario" time="11.593" errors="0" timestamp="2020-05-15T09:55:31 IST" skipped="0">
  <testcase classname="getSimpl.testScenarios.OTPVerificationSuccessScenario" name="OTPSuccessVerification" time="11.593"/>
  <system-out/>
</testsuite> <!-- getSimpl.testScenarios.OTPVerificationSuccessScenario -->
