<?xml version="1.0" encoding="UTF-8"?>
<!-- Generated by org.testng.reporters.JUnitReportReporter -->
<testsuite hostname="Af-wMac" failures="0" tests="1" name="getSimpl.testScenarios.OTPVerificationFailureScenario" time="6.579" errors="0" timestamp="2020-05-15T09:55:31 IST" skipped="0">
  <testcase classname="getSimpl.testScenarios.OTPVerificationFailureScenario" name="OTPFailVerification" time="6.579"/>
  <system-out/>
</testsuite> <!-- getSimpl.testScenarios.OTPVerificationFailureScenario -->
